# JRE version: OpenJDK Runtime Environment (8.0_152-b01) (build 1.8.0_152-release-1024-b01)
# Java VM: OpenJDK 64-Bit Server VM (25.152-b01 mixed mode bsd-amd64 compressed oops)
Heap:
 PSYoungGen      total 302080K, used 12792K [0x00000007aab00000, 0x00000007bec80000, 0x00000007c0000000)
  eden space 289280K, 0% used [0x00000007aab00000,0x00000007aab00000,0x00000007bc580000)
  from space 12800K, 99% used [0x00000007bd580000,0x00000007be1fe280,0x00000007be200000)
  to   space 10752K, 0% used [0x00000007be200000,0x00000007be200000,0x00000007bec80000)
 ParOldGen       total 145408K, used 56765K [0x0000000780000000, 0x0000000788e00000, 0x00000007aab00000)
  object space 145408K, 39% used [0x0000000780000000,0x000000078376f438,0x0000000788e00000)
 Metaspace       used 92148K, capacity 98292K, committed 98380K, reserved 1134592K
  class space    used 11801K, capacity 12911K, committed 12928K, reserved 1048576K
GC Heap History (10 events):
Event: 7257.607 GC heap after
Heap after GC invocations=50 (full 3):
 PSYoungGen      total 328704K, used 6119K [0x00000007aab00000, 0x00000007bff00000, 0x00000007c0000000)
  eden space 322560K, 0% used [0x00000007aab00000,0x00000007aab00000,0x00000007be600000)
  from space 6144K, 99% used [0x00000007be600000,0x00000007bebf9f60,0x00000007bec00000)
  to   space 12800K, 0% used [0x00000007bf280000,0x00000007bf280000,0x00000007bff00000)
 ParOldGen       total 145408K, used 51040K [0x0000000780000000, 0x0000000788e00000, 0x00000007aab00000)
  object space 145408K, 35% used [0x0000000780000000,0x00000007831d8100,0x0000000788e00000)
 Metaspace       used 83204K, capacity 89088K, committed 89176K, reserved 1126400K
  class space    used 10576K, capacity 11593K, committed 11648K, reserved 1048576K
}
Event: 7358.081 GC heap before
{Heap before GC invocations=51 (full 3):
 PSYoungGen      total 328704K, used 327973K [0x00000007aab00000, 0x00000007bff00000, 0x00000007c0000000)
  eden space 322560K, 99% used [0x00000007aab00000,0x00000007be54f710,0x00000007be600000)
  from space 6144K, 99% used [0x00000007be600000,0x00000007bebf9f60,0x00000007bec00000)
  to   space 12800K, 0% used [0x00000007bf280000,0x00000007bf280000,0x00000007bff00000)
 ParOldGen       total 145408K, used 51040K [0x0000000780000000, 0x0000000788e00000, 0x00000007aab00000)
  object space 145408K, 35% used [0x0000000780000000,0x00000007831d8100,0x0000000788e00000)
 Metaspace       used 83253K, capacity 89092K, committed 89176K, reserved 1126400K
  class space    used 10576K, capacity 11593K, committed 11648K, reserved 1048576K
Event: 7358.097 GC heap after
Heap after GC invocations=51 (full 3):
 PSYoungGen      total 335872K, used 6300K [0x00000007aab00000, 0x00000007c0000000, 0x00000007c0000000)
  eden space 323072K, 0% used [0x00000007aab00000,0x00000007aab00000,0x00000007be680000)
  from space 12800K, 49% used [0x00000007bf280000,0x00000007bf8a71c0,0x00000007bff00000)
  to   space 12288K, 0% used [0x00000007be680000,0x00000007be680000,0x00000007bf280000)
 ParOldGen       total 145408K, used 51048K [0x0000000780000000, 0x0000000788e00000, 0x00000007aab00000)
  object space 145408K, 35% used [0x0000000780000000,0x00000007831da100,0x0000000788e00000)
 Metaspace       used 83253K, capacity 89092K, committed 89176K, reserved 1126400K
  class space    used 10576K, capacity 11593K, committed 11648K, reserved 1048576K
}
Event: 7376.333 GC heap before
{Heap before GC invocations=52 (full 3):
 PSYoungGen      total 335872K, used 329372K [0x00000007aab00000, 0x00000007c0000000, 0x00000007c0000000)
  eden space 323072K, 100% used [0x00000007aab00000,0x00000007be680000,0x00000007be680000)
  from space 12800K, 49% used [0x00000007bf280000,0x00000007bf8a71c0,0x00000007bff00000)
  to   space 12288K, 0% used [0x00000007be680000,0x00000007be680000,0x00000007bf280000)
 ParOldGen       total 145408K, used 51048K [0x0000000780000000, 0x0000000788e00000, 0x00000007aab00000)
  object space 145408K, 35% used [0x0000000780000000,0x00000007831da100,0x0000000788e00000)
 Metaspace       used 83273K, capacity 89156K, committed 89432K, reserved 1126400K
  class space    used 10576K, capacity 11593K, committed 11648K, reserved 1048576K
Event: 7376.347 GC heap after
Heap after GC invocations=52 (full 3):
 PSYoungGen      total 316928K, used 5536K [0x00000007aab00000, 0x00000007bf300000, 0x00000007c0000000)
  eden space 311296K, 0% used [0x00000007aab00000,0x00000007aab00000,0x00000007bdb00000)
  from space 5632K, 98% used [0x00000007be680000,0x00000007bebe8070,0x00000007bec00000)
  to   space 7168K, 0% used [0x00000007bec00000,0x00000007bec00000,0x00000007bf300000)
 ParOldGen       total 145408K, used 51056K [0x0000000780000000, 0x0000000788e00000, 0x00000007aab00000)
  object space 145408K, 35% used [0x0000000780000000,0x00000007831dc100,0x0000000788e00000)
 Metaspace       used 83273K, capacity 89156K, committed 89432K, reserved 1126400K
  class space    used 10576K, capacity 11593K, committed 11648K, reserved 1048576K
}
Event: 7510.698 GC heap before
{Heap before GC invocations=53 (full 3):
 PSYoungGen      total 316928K, used 316832K [0x00000007aab00000, 0x00000007bf300000, 0x00000007c0000000)
  eden space 311296K, 100% used [0x00000007aab00000,0x00000007bdb00000,0x00000007bdb00000)
  from space 5632K, 98% used [0x00000007be680000,0x00000007bebe8070,0x00000007bec00000)
  to   space 7168K, 0% used [0x00000007bec00000,0x00000007bec00000,0x00000007bf300000)
 ParOldGen       total 145408K, used 51056K [0x0000000780000000, 0x0000000788e00000, 0x00000007aab00000)
  object space 145408K, 35% used [0x0000000780000000,0x00000007831dc100,0x0000000788e00000)
 Metaspace       used 83317K, capacity 89186K, committed 89432K, reserved 1126400K
  class space    used 10586K, capacity 11603K, committed 11648K, reserved 1048576K
Event: 7510.711 GC heap after
Heap after GC invocations=53 (full 3):
 PSYoungGen      total 302592K, used 2526K [0x00000007aab00000, 0x00000007bee80000, 0x00000007c0000000)
  eden space 300032K, 0% used [0x00000007aab00000,0x00000007aab00000,0x00000007bd000000)
  from space 2560K, 98% used [0x00000007bec00000,0x00000007bee77960,0x00000007bee80000)
  to   space 12800K, 0% used [0x00000007bd580000,0x00000007bd580000,0x00000007be200000)
 ParOldGen       total 145408K, used 51064K [0x0000000780000000, 0x0000000788e00000, 0x00000007aab00000)
  object space 145408K, 35% used [0x0000000780000000,0x00000007831de100,0x0000000788e00000)
 Metaspace       used 83317K, capacity 89186K, committed 89432K, reserved 1126400K
  class space    used 10586K, capacity 11603K, committed 11648K, reserved 1048576K
}
Event: 7513.905 GC heap before
{Heap before GC invocations=54 (full 3):
 PSYoungGen      total 302592K, used 132528K [0x00000007aab00000, 0x00000007bee80000, 0x00000007c0000000)
  eden space 300032K, 43% used [0x00000007aab00000,0x00000007b29f4a88,0x00000007bd000000)
  from space 2560K, 98% used [0x00000007bec00000,0x00000007bee77960,0x00000007bee80000)
  to   space 12800K, 0% used [0x00000007bd580000,0x00000007bd580000,0x00000007be200000)
 ParOldGen       total 145408K, used 51064K [0x0000000780000000, 0x0000000788e00000, 0x00000007aab00000)
  object space 145408K, 35% used [0x0000000780000000,0x00000007831de100,0x0000000788e00000)
 Metaspace       used 92148K, capacity 98292K, committed 98380K, reserved 1134592K
  class space    used 11801K, capacity 12911K, committed 12928K, reserved 1048576K
Event: 7513.943 GC heap after
Heap after GC invocations=54 (full 3):
 PSYoungGen      total 302080K, used 12792K [0x00000007aab00000, 0x00000007bec80000, 0x00000007c0000000)
  eden space 289280K, 0% used [0x00000007aab00000,0x00000007aab00000,0x00000007bc580000)
  from space 12800K, 99% used [0x00000007bd580000,0x00000007be1fe280,0x00000007be200000)
  to   space 10752K, 0% used [0x00000007be200000,0x00000007be200000,0x00000007bec80000)
 ParOldGen       total 145408K, used 56765K [0x0000000780000000, 0x0000000788e00000, 0x00000007aab00000)
  object space 145408K, 39% used [0x0000000780000000,0x000000078376f438,0x0000000788e00000)
 Metaspace       used 92148K, capacity 98292K, committed 98380K, reserved 1134592K
  class space    used 11801K, capacity 12911K, committed 12928K, reserved 1048576K
}
Event: 7513.943 GC heap before
{Heap before GC invocations=55 (full 4):
 PSYoungGen      total 302080K, used 12792K [0x00000007aab00000, 0x00000007bec80000, 0x00000007c0000000)
  eden space 289280K, 0% used [0x00000007aab00000,0x00000007aab00000,0x00000007bc580000)
  from space 12800K, 99% used [0x00000007bd580000,0x00000007be1fe280,0x00000007be200000)
  to   space 10752K, 0% used [0x00000007be200000,0x00000007be200000,0x00000007bec80000)
 ParOldGen       total 145408K, used 56765K [0x0000000780000000, 0x0000000788e00000, 0x00000007aab00000)
  object space 145408K, 39% used [0x0000000780000000,0x000000078376f438,0x0000000788e00000)
 Metaspace       used 92148K, capacity 98292K, committed 98380K, reserved 1134592K
  class space    used 11801K, capacity 12911K, committed 12928K, reserved 1048576K

